Started GET "/" for 127.0.0.1 at 2017-11-16 02:00:04 +0700
  
ActiveRecord::PendingMigrationError (

Migrations are pending. To resolve this issue, run:

        bin/rails db:migrate RAILS_ENV=development

):
  
activerecord (5.1.4) lib/active_record/migration.rb:576:in `check_pending!'
activerecord (5.1.4) lib/active_record/migration.rb:553:in `call'
actionpack (5.1.4) lib/action_dispatch/middleware/callbacks.rb:26:in `block in call'
activesupport (5.1.4) lib/active_support/callbacks.rb:97:in `run_callbacks'
actionpack (5.1.4) lib/action_dispatch/middleware/callbacks.rb:24:in `call'
actionpack (5.1.4) lib/action_dispatch/middleware/executor.rb:12:in `call'
actionpack (5.1.4) lib/action_dispatch/middleware/debug_exceptions.rb:59:in `call'
web-console (3.5.1) lib/web_console/middleware.rb:135:in `call_app'
web-console (3.5.1) lib/web_console/middleware.rb:28:in `block in call'
web-console (3.5.1) lib/web_console/middleware.rb:18:in `catch'
web-console (3.5.1) lib/web_console/middleware.rb:18:in `call'
actionpack (5.1.4) lib/action_dispatch/middleware/show_exceptions.rb:31:in `call'
railties (5.1.4) lib/rails/rack/logger.rb:36:in `call_app'
railties (5.1.4) lib/rails/rack/logger.rb:24:in `block in call'
activesupport (5.1.4) lib/active_support/tagged_logging.rb:69:in `block in tagged'
activesupport (5.1.4) lib/active_support/tagged_logging.rb:26:in `tagged'
activesupport (5.1.4) lib/active_support/tagged_logging.rb:69:in `tagged'
railties (5.1.4) lib/rails/rack/logger.rb:24:in `call'
sprockets-rails (3.2.1) lib/sprockets/rails/quiet_assets.rb:13:in `call'
actionpack (5.1.4) lib/action_dispatch/middleware/remote_ip.rb:79:in `call'
actionpack (5.1.4) lib/action_dispatch/middleware/request_id.rb:25:in `call'
rack (2.0.3) lib/rack/method_override.rb:22:in `call'
rack (2.0.3) lib/rack/runtime.rb:22:in `call'
activesupport (5.1.4) lib/active_support/cache/strategy/local_cache_middleware.rb:27:in `call'
actionpack (5.1.4) lib/action_dispatch/middleware/executor.rb:12:in `call'
actionpack (5.1.4) lib/action_dispatch/middleware/static.rb:125:in `call'
rack (2.0.3) lib/rack/sendfile.rb:111:in `call'
railties (5.1.4) lib/rails/engine.rb:522:in `call'
puma (3.10.0) lib/puma/configuration.rb:225:in `call'
puma (3.10.0) lib/puma/server.rb:605:in `handle_request'
puma (3.10.0) lib/puma/server.rb:437:in `process_client'
puma (3.10.0) lib/puma/server.rb:301:in `block in run'
puma (3.10.0) lib/puma/thread_pool.rb:120:in `block in spawn_thread'
  [1m[35m (0.2ms)[0m  [1m[34mSELECT sqlite_version(*)[0m
  [1m[35m (21.3ms)[0m  [1m[35mCREATE TABLE "schema_migrations" ("version" varchar NOT NULL PRIMARY KEY)[0m
  [1m[35m (33.7ms)[0m  [1m[35mCREATE TABLE "ar_internal_metadata" ("key" varchar NOT NULL PRIMARY KEY, "value" varchar, "created_at" datetime NOT NULL, "updated_at" datetime NOT NULL)[0m
  [1m[35m (0.3ms)[0m  [1m[34mSELECT "schema_migrations"."version" FROM "schema_migrations" ORDER BY "schema_migrations"."version" ASC[0m
Migrating to CreateRailwayStations (20171115185742)
  [1m[35m (0.1ms)[0m  [1m[36mbegin transaction[0m
  [1m[35m (7.6ms)[0m  [1m[35mCREATE TABLE "railway_stations" ("id" INTEGER PRIMARY KEY AUTOINCREMENT NOT NULL, "train" varchar, "created_at" datetime NOT NULL, "updated_at" datetime NOT NULL)[0m
  [1m[35mSQL (13.6ms)[0m  [1m[32mINSERT INTO "schema_migrations" ("version") VALUES (?)[0m  [["version", "20171115185742"]]
  [1m[35m (8.3ms)[0m  [1m[36mcommit transaction[0m
  [1m[36mActiveRecord::InternalMetadata Load (0.4ms)[0m  [1m[34mSELECT  "ar_internal_metadata".* FROM "ar_internal_metadata" WHERE "ar_internal_metadata"."key" = ? LIMIT ?[0m  [["key", "environment"], ["LIMIT", 1]]
  [1m[35m (0.2ms)[0m  [1m[36mbegin transaction[0m
  [1m[35mSQL (11.1ms)[0m  [1m[32mINSERT INTO "ar_internal_metadata" ("key", "value", "created_at", "updated_at") VALUES (?, ?, ?, ?)[0m  [["key", "environment"], ["value", "development"], ["created_at", "2017-11-15 19:00:32.292528"], ["updated_at", "2017-11-15 19:00:32.292528"]]
  [1m[35m (4.1ms)[0m  [1m[36mcommit transaction[0m
  [1m[35m (0.2ms)[0m  [1m[34mSELECT "schema_migrations"."version" FROM "schema_migrations" ORDER BY "schema_migrations"."version" ASC[0m
Started GET "/" for 127.0.0.1 at 2017-11-16 02:00:39 +0700
  [1m[35m (0.3ms)[0m  [1m[34mSELECT "schema_migrations"."version" FROM "schema_migrations" ORDER BY "schema_migrations"."version" ASC[0m
Processing by Rails::WelcomeController#index as HTML
  Rendering /var/lib/gems/2.3.0/gems/railties-5.1.4/lib/rails/templates/rails/welcome/index.html.erb
  Rendered /var/lib/gems/2.3.0/gems/railties-5.1.4/lib/rails/templates/rails/welcome/index.html.erb (19.4ms)
Completed 200 OK in 77ms (Views: 22.2ms | ActiveRecord: 0.0ms)


Started GET "/" for 127.0.0.1 at 2017-11-16 02:02:02 +0700
Processing by RailwayStationsController#index as HTML
  Rendering railway_stations/index.html.erb within layouts/application
  [1m[36mRailwayStation Load (0.2ms)[0m  [1m[34mSELECT "railway_stations".* FROM "railway_stations"[0m
  Rendered railway_stations/index.html.erb within layouts/application (36.6ms)
Completed 200 OK in 2446ms (Views: 2417.0ms | ActiveRecord: 10.7ms)


Started GET "/railway_stations/new" for 127.0.0.1 at 2017-11-16 02:02:18 +0700
Processing by RailwayStationsController#new as HTML
  Rendering railway_stations/new.html.erb within layouts/application
  Rendered railway_stations/_form.html.erb (58.0ms)
  Rendered railway_stations/new.html.erb within layouts/application (61.0ms)
Completed 200 OK in 166ms (Views: 142.5ms | ActiveRecord: 0.8ms)


Started POST "/railway_stations" for 127.0.0.1 at 2017-11-16 02:02:22 +0700
Processing by RailwayStationsController#create as HTML
  Parameters: {"utf8"=>"✓", "authenticity_token"=>"I43jHnSxpmWcHR1WKyTtejxul4hgUSz7y51lV7Jla2+I3fN0Gqb+aSgNbrAJ8OLR/JnRTsn1hEuQ6OHHRBSqqQ==", "railway_station"=>{"train"=>"12"}, "commit"=>"Create Railway station"}
  [1m[35m (0.2ms)[0m  [1m[36mbegin transaction[0m
  [1m[35mSQL (13.9ms)[0m  [1m[32mINSERT INTO "railway_stations" ("train", "created_at", "updated_at") VALUES (?, ?, ?)[0m  [["train", "12"], ["created_at", "2017-11-15 19:02:22.877298"], ["updated_at", "2017-11-15 19:02:22.877298"]]
  [1m[35m (8.4ms)[0m  [1m[36mcommit transaction[0m
Redirected to http://localhost:3000/railway_stations/1
Completed 302 Found in 65ms (ActiveRecord: 22.5ms)


Started GET "/railway_stations/1" for 127.0.0.1 at 2017-11-16 02:02:23 +0700
Processing by RailwayStationsController#show as HTML
  Parameters: {"id"=>"1"}
  [1m[36mRailwayStation Load (0.4ms)[0m  [1m[34mSELECT  "railway_stations".* FROM "railway_stations" WHERE "railway_stations"."id" = ? LIMIT ?[0m  [["id", 1], ["LIMIT", 1]]
  Rendering railway_stations/show.html.erb within layouts/application
  Rendered railway_stations/show.html.erb within layouts/application (1.6ms)
Completed 200 OK in 114ms (Views: 90.6ms | ActiveRecord: 0.4ms)


